NOTE: Picked up JDK_JAVA_OPTIONS:  --add-opens=java.base/java.lang=ALL-UNNAMED --add-opens=java.base/java.lang.invoke=ALL-UNNAMED --add-opens=java.base/java.lang.reflect=ALL-UNNAMED --add-opens=java.base/java.io=ALL-UNNAMED --add-opens=java.base/java.util=ALL-UNNAMED --add-opens=java.base/java.util.concurrent=ALL-UNNAMED --add-opens=java.rmi/sun.rmi.transport=ALL-UNNAMED
19-Nov-2025 10:35:05.164 信息 [main] org.apache.catalina.startup.VersionLoggerListener.log Server.服务器版本: Apache Tomcat/9.0.112
19-Nov-2025 10:35:05.166 信息 [main] org.apache.catalina.startup.VersionLoggerListener.log 服务器构建:        Nov 6 2025 07:46:18 UTC
19-Nov-2025 10:35:05.166 信息 [main] org.apache.catalina.startup.VersionLoggerListener.log 服务器版本号:      9.0.112.0
19-Nov-2025 10:35:05.166 信息 [main] org.apache.catalina.startup.VersionLoggerListener.log 操作系统名称:      Linux
19-Nov-2025 10:35:05.166 信息 [main] org.apache.catalina.startup.VersionLoggerListener.log OS.版本:           5.15.0-140-generic
19-Nov-2025 10:35:05.166 信息 [main] org.apache.catalina.startup.VersionLoggerListener.log 架构:              amd64
19-Nov-2025 10:35:05.166 信息 [main] org.apache.catalina.startup.VersionLoggerListener.log Java 环境变量:     /usr/lib/jvm/java-11-openjdk-amd64
19-Nov-2025 10:35:05.166 信息 [main] org.apache.catalina.startup.VersionLoggerListener.log Java虚拟机版本:    11.0.27+6-post-Ubuntu-0ubuntu120.04
19-Nov-2025 10:35:05.166 信息 [main] org.apache.catalina.startup.VersionLoggerListener.log JVM.供应商:        Ubuntu
19-Nov-2025 10:35:05.166 信息 [main] org.apache.catalina.startup.VersionLoggerListener.log CATALINA_BASE:     /home/btl/桌面/BTL_HTML/apache-tomcat-9.0.112
19-Nov-2025 10:35:05.166 信息 [main] org.apache.catalina.startup.VersionLoggerListener.log CATALINA_HOME:     /home/btl/桌面/BTL_HTML/apache-tomcat-9.0.112
19-Nov-2025 10:35:05.175 信息 [main] org.apache.catalina.startup.VersionLoggerListener.log 命令行参数：       --add-opens=java.base/java.lang=ALL-UNNAMED
19-Nov-2025 10:35:05.176 信息 [main] org.apache.catalina.startup.VersionLoggerListener.log 命令行参数：       --add-opens=java.base/java.lang.invoke=ALL-UNNAMED
19-Nov-2025 10:35:05.176 信息 [main] org.apache.catalina.startup.VersionLoggerListener.log 命令行参数：       --add-opens=java.base/java.lang.reflect=ALL-UNNAMED
19-Nov-2025 10:35:05.176 信息 [main] org.apache.catalina.startup.VersionLoggerListener.log 命令行参数：       --add-opens=java.base/java.io=ALL-UNNAMED
19-Nov-2025 10:35:05.176 信息 [main] org.apache.catalina.startup.VersionLoggerListener.log 命令行参数：       --add-opens=java.base/java.util=ALL-UNNAMED
19-Nov-2025 10:35:05.176 信息 [main] org.apache.catalina.startup.VersionLoggerListener.log 命令行参数：       --add-opens=java.base/java.util.concurrent=ALL-UNNAMED
19-Nov-2025 10:35:05.176 信息 [main] org.apache.catalina.startup.VersionLoggerListener.log 命令行参数：       --add-opens=java.rmi/sun.rmi.transport=ALL-UNNAMED
19-Nov-2025 10:35:05.176 信息 [main] org.apache.catalina.startup.VersionLoggerListener.log 命令行参数：       -Djava.util.logging.config.file=/home/btl/桌面/BTL_HTML/apache-tomcat-9.0.112/conf/logging.properties
19-Nov-2025 10:35:05.176 信息 [main] org.apache.catalina.startup.VersionLoggerListener.log 命令行参数：       -Djava.util.logging.manager=org.apache.juli.ClassLoaderLogManager
19-Nov-2025 10:35:05.176 信息 [main] org.apache.catalina.startup.VersionLoggerListener.log 命令行参数：       -Djdk.tls.ephemeralDHKeySize=2048
19-Nov-2025 10:35:05.176 信息 [main] org.apache.catalina.startup.VersionLoggerListener.log 命令行参数：       -Djava.protocol.handler.pkgs=org.apache.catalina.webresources
19-Nov-2025 10:35:05.176 信息 [main] org.apache.catalina.startup.VersionLoggerListener.log 命令行参数：       -Dsun.io.useCanonCaches=false
19-Nov-2025 10:35:05.176 信息 [main] org.apache.catalina.startup.VersionLoggerListener.log 命令行参数：       -Dorg.apache.catalina.security.SecurityListener.UMASK=0027
19-Nov-2025 10:35:05.176 信息 [main] org.apache.catalina.startup.VersionLoggerListener.log 命令行参数：       -Dignore.endorsed.dirs=
19-Nov-2025 10:35:05.177 信息 [main] org.apache.catalina.startup.VersionLoggerListener.log 命令行参数：       -Dcatalina.base=/home/btl/桌面/BTL_HTML/apache-tomcat-9.0.112
19-Nov-2025 10:35:05.177 信息 [main] org.apache.catalina.startup.VersionLoggerListener.log 命令行参数：       -Dcatalina.home=/home/btl/桌面/BTL_HTML/apache-tomcat-9.0.112
19-Nov-2025 10:35:05.177 信息 [main] org.apache.catalina.startup.VersionLoggerListener.log 命令行参数：       -Djava.io.tmpdir=/home/btl/桌面/BTL_HTML/apache-tomcat-9.0.112/temp
19-Nov-2025 10:35:05.178 信息 [main] org.apache.catalina.core.AprLifecycleListener.lifecycleEvent 在java.library.path:[/usr/local/cuda-12.1/lib64:/usr/local/cuda/lib64:/opt/ros/foxy/opt/yaml_cpp_vendor/lib:/opt/ros/foxy/opt/rviz_ogre_vendor/lib:/opt/ros/foxy/lib/x86_64-linux-gnu:/opt/ros/foxy/lib:/home/btl/.mujoco/mujoco210/bin:/usr/lib/nvidia:/usr/java/packages/lib:/usr/lib/x86_64-linux-gnu/jni:/lib/x86_64-linux-gnu:/usr/lib/x86_64-linux-gnu:/usr/lib/jni:/lib:/usr/lib]上找不到基于APR的Apache Tomcat本机库，该库允许在生产环境中获得最佳性能
19-Nov-2025 10:35:05.327 信息 [main] org.apache.coyote.AbstractProtocol.init 初始化协议处理器 ["http-nio-8080"]
19-Nov-2025 10:35:05.340 信息 [main] org.apache.catalina.startup.Catalina.load 服务器在[296]毫秒内初始化
19-Nov-2025 10:35:05.377 信息 [main] org.apache.catalina.core.StandardService.startInternal 正在启动服务[Catalina]
19-Nov-2025 10:35:05.377 信息 [main] org.apache.catalina.core.StandardEngine.startInternal 正在启动 Servlet 引擎：[Apache Tomcat/9.0.112]
19-Nov-2025 10:35:05.381 信息 [main] org.apache.catalina.startup.HostConfig.deployDirectory 把web 应用程序部署到目录 [/home/btl/桌面/BTL_HTML/apache-tomcat-9.0.112/webapps/host-manager]
19-Nov-2025 10:35:05.527 信息 [main] org.apache.catalina.startup.HostConfig.deployDirectory Web应用程序目录[/home/btl/桌面/BTL_HTML/apache-tomcat-9.0.112/webapps/host-manager]的部署已在[144]毫秒内完成
19-Nov-2025 10:35:05.527 信息 [main] org.apache.catalina.startup.HostConfig.deployDirectory 把web 应用程序部署到目录 [/home/btl/桌面/BTL_HTML/apache-tomcat-9.0.112/webapps/manager]
19-Nov-2025 10:35:05.540 信息 [main] org.apache.catalina.startup.HostConfig.deployDirectory Web应用程序目录[/home/btl/桌面/BTL_HTML/apache-tomcat-9.0.112/webapps/manager]的部署已在[12]毫秒内完成
19-Nov-2025 10:35:05.540 信息 [main] org.apache.catalina.startup.HostConfig.deployDirectory 把web 应用程序部署到目录 [/home/btl/桌面/BTL_HTML/apache-tomcat-9.0.112/webapps/examples]
19-Nov-2025 10:35:05.640 信息 [main] org.apache.catalina.startup.HostConfig.deployDirectory Web应用程序目录[/home/btl/桌面/BTL_HTML/apache-tomcat-9.0.112/webapps/examples]的部署已在[100]毫秒内完成
19-Nov-2025 10:35:05.640 信息 [main] org.apache.catalina.startup.HostConfig.deployDirectory 把web 应用程序部署到目录 [/home/btl/桌面/BTL_HTML/apache-tomcat-9.0.112/webapps/ROOT]
19-Nov-2025 10:35:05.650 信息 [main] org.apache.catalina.startup.HostConfig.deployDirectory Web应用程序目录[/home/btl/桌面/BTL_HTML/apache-tomcat-9.0.112/webapps/ROOT]的部署已在[9]毫秒内完成
19-Nov-2025 10:35:05.650 信息 [main] org.apache.catalina.startup.HostConfig.deployDirectory 把web 应用程序部署到目录 [/home/btl/桌面/BTL_HTML/apache-tomcat-9.0.112/webapps/docs]
19-Nov-2025 10:35:05.659 信息 [main] org.apache.catalina.startup.HostConfig.deployDirectory Web应用程序目录[/home/btl/桌面/BTL_HTML/apache-tomcat-9.0.112/webapps/docs]的部署已在[9]毫秒内完成
19-Nov-2025 10:35:05.663 信息 [main] org.apache.coyote.AbstractProtocol.start 开始协议处理句柄["http-nio-8080"]
19-Nov-2025 10:35:05.668 信息 [main] org.apache.catalina.startup.Catalina.start [327]毫秒后服务器启动
19-Nov-2025 10:36:05.688 信息 [Catalina-utility-1] org.apache.catalina.startup.HostConfig.deployDirectory 把web 应用程序部署到目录 [/home/btl/桌面/BTL_HTML/apache-tomcat-9.0.112/webapps/btl]
19-Nov-2025 10:36:05.739 信息 [Catalina-utility-1] org.apache.catalina.startup.HostConfig.deployDirectory Web应用程序目录[/home/btl/桌面/BTL_HTML/apache-tomcat-9.0.112/webapps/btl]的部署已在[51]毫秒内完成
19-Nov-2025 10:40:15.838 信息 [main] org.apache.catalina.core.StandardServer.await 通过关闭端口接收到有效的关闭命令。正在停止服务器实例。
19-Nov-2025 10:40:15.838 信息 [main] org.apache.coyote.AbstractProtocol.pause 暂停ProtocolHandler["http-nio-8080"]
19-Nov-2025 10:40:15.839 信息 [main] org.apache.catalina.core.StandardService.stopInternal 正在停止服务[Catalina]
19-Nov-2025 10:40:15.853 信息 [main] org.apache.coyote.AbstractProtocol.stop 正在停止ProtocolHandler ["http-nio-8080"]
19-Nov-2025 10:40:15.862 信息 [main] org.apache.coyote.AbstractProtocol.destroy 正在销毁协议处理器 ["http-nio-8080"]
NOTE: Picked up JDK_JAVA_OPTIONS:  --add-opens=java.base/java.lang=ALL-UNNAMED --add-opens=java.base/java.lang.invoke=ALL-UNNAMED --add-opens=java.base/java.lang.reflect=ALL-UNNAMED --add-opens=java.base/java.io=ALL-UNNAMED --add-opens=java.base/java.util=ALL-UNNAMED --add-opens=java.base/java.util.concurrent=ALL-UNNAMED --add-opens=java.rmi/sun.rmi.transport=ALL-UNNAMED
19-Nov-2025 14:04:34.330 信息 [main] org.apache.catalina.startup.VersionLoggerListener.log Server.服务器版本: Apache Tomcat/9.0.112
19-Nov-2025 14:04:34.332 信息 [main] org.apache.catalina.startup.VersionLoggerListener.log 服务器构建:        Nov 6 2025 07:46:18 UTC
19-Nov-2025 14:04:34.332 信息 [main] org.apache.catalina.startup.VersionLoggerListener.log 服务器版本号:      9.0.112.0
19-Nov-2025 14:04:34.332 信息 [main] org.apache.catalina.startup.VersionLoggerListener.log 操作系统名称:      Linux
19-Nov-2025 14:04:34.332 信息 [main] org.apache.catalina.startup.VersionLoggerListener.log OS.版本:           5.15.0-140-generic
19-Nov-2025 14:04:34.332 信息 [main] org.apache.catalina.startup.VersionLoggerListener.log 架构:              amd64
19-Nov-2025 14:04:34.332 信息 [main] org.apache.catalina.startup.VersionLoggerListener.log Java 环境变量:     /usr/lib/jvm/java-11-openjdk-amd64
19-Nov-2025 14:04:34.332 信息 [main] org.apache.catalina.startup.VersionLoggerListener.log Java虚拟机版本:    11.0.27+6-post-Ubuntu-0ubuntu120.04
19-Nov-2025 14:04:34.332 信息 [main] org.apache.catalina.startup.VersionLoggerListener.log JVM.供应商:        Ubuntu
19-Nov-2025 14:04:34.332 信息 [main] org.apache.catalina.startup.VersionLoggerListener.log CATALINA_BASE:     /home/btl/桌面/BTL_HTML/apache-tomcat-9.0.112
19-Nov-2025 14:04:34.332 信息 [main] org.apache.catalina.startup.VersionLoggerListener.log CATALINA_HOME:     /home/btl/桌面/BTL_HTML/apache-tomcat-9.0.112
19-Nov-2025 14:04:34.338 信息 [main] org.apache.catalina.startup.VersionLoggerListener.log 命令行参数：       --add-opens=java.base/java.lang=ALL-UNNAMED
19-Nov-2025 14:04:34.338 信息 [main] org.apache.catalina.startup.VersionLoggerListener.log 命令行参数：       --add-opens=java.base/java.lang.invoke=ALL-UNNAMED
19-Nov-2025 14:04:34.338 信息 [main] org.apache.catalina.startup.VersionLoggerListener.log 命令行参数：       --add-opens=java.base/java.lang.reflect=ALL-UNNAMED
19-Nov-2025 14:04:34.338 信息 [main] org.apache.catalina.startup.VersionLoggerListener.log 命令行参数：       --add-opens=java.base/java.io=ALL-UNNAMED
19-Nov-2025 14:04:34.338 信息 [main] org.apache.catalina.startup.VersionLoggerListener.log 命令行参数：       --add-opens=java.base/java.util=ALL-UNNAMED
19-Nov-2025 14:04:34.339 信息 [main] org.apache.catalina.startup.VersionLoggerListener.log 命令行参数：       --add-opens=java.base/java.util.concurrent=ALL-UNNAMED
19-Nov-2025 14:04:34.339 信息 [main] org.apache.catalina.startup.VersionLoggerListener.log 命令行参数：       --add-opens=java.rmi/sun.rmi.transport=ALL-UNNAMED
19-Nov-2025 14:04:34.339 信息 [main] org.apache.catalina.startup.VersionLoggerListener.log 命令行参数：       -Djava.util.logging.config.file=/home/btl/桌面/BTL_HTML/apache-tomcat-9.0.112/conf/logging.properties
19-Nov-2025 14:04:34.339 信息 [main] org.apache.catalina.startup.VersionLoggerListener.log 命令行参数：       -Djava.util.logging.manager=org.apache.juli.ClassLoaderLogManager
19-Nov-2025 14:04:34.339 信息 [main] org.apache.catalina.startup.VersionLoggerListener.log 命令行参数：       -Djdk.tls.ephemeralDHKeySize=2048
19-Nov-2025 14:04:34.339 信息 [main] org.apache.catalina.startup.VersionLoggerListener.log 命令行参数：       -Djava.protocol.handler.pkgs=org.apache.catalina.webresources
19-Nov-2025 14:04:34.339 信息 [main] org.apache.catalina.startup.VersionLoggerListener.log 命令行参数：       -Dsun.io.useCanonCaches=false
19-Nov-2025 14:04:34.339 信息 [main] org.apache.catalina.startup.VersionLoggerListener.log 命令行参数：       -Dorg.apache.catalina.security.SecurityListener.UMASK=0027
19-Nov-2025 14:04:34.339 信息 [main] org.apache.catalina.startup.VersionLoggerListener.log 命令行参数：       -Dignore.endorsed.dirs=
19-Nov-2025 14:04:34.339 信息 [main] org.apache.catalina.startup.VersionLoggerListener.log 命令行参数：       -Dcatalina.base=/home/btl/桌面/BTL_HTML/apache-tomcat-9.0.112
19-Nov-2025 14:04:34.339 信息 [main] org.apache.catalina.startup.VersionLoggerListener.log 命令行参数：       -Dcatalina.home=/home/btl/桌面/BTL_HTML/apache-tomcat-9.0.112
19-Nov-2025 14:04:34.339 信息 [main] org.apache.catalina.startup.VersionLoggerListener.log 命令行参数：       -Djava.io.tmpdir=/home/btl/桌面/BTL_HTML/apache-tomcat-9.0.112/temp
19-Nov-2025 14:04:34.341 信息 [main] org.apache.catalina.core.AprLifecycleListener.lifecycleEvent 在java.library.path:[/usr/local/cuda-12.1/lib64:/usr/local/cuda/lib64:/opt/ros/foxy/opt/yaml_cpp_vendor/lib:/opt/ros/foxy/opt/rviz_ogre_vendor/lib:/opt/ros/foxy/lib/x86_64-linux-gnu:/opt/ros/foxy/lib:/home/btl/.mujoco/mujoco210/bin:/usr/lib/nvidia:/usr/java/packages/lib:/usr/lib/x86_64-linux-gnu/jni:/lib/x86_64-linux-gnu:/usr/lib/x86_64-linux-gnu:/usr/lib/jni:/lib:/usr/lib]上找不到基于APR的Apache Tomcat本机库，该库允许在生产环境中获得最佳性能
19-Nov-2025 14:04:34.474 信息 [main] org.apache.coyote.AbstractProtocol.init 初始化协议处理器 ["http-nio-8080"]
19-Nov-2025 14:04:34.484 信息 [main] org.apache.catalina.startup.Catalina.load 服务器在[261]毫秒内初始化
19-Nov-2025 14:04:34.511 信息 [main] org.apache.catalina.core.StandardService.startInternal 正在启动服务[Catalina]
19-Nov-2025 14:04:34.512 信息 [main] org.apache.catalina.core.StandardEngine.startInternal 正在启动 Servlet 引擎：[Apache Tomcat/9.0.112]
19-Nov-2025 14:04:34.515 信息 [main] org.apache.catalina.startup.HostConfig.deployDirectory 把web 应用程序部署到目录 [/home/btl/桌面/BTL_HTML/apache-tomcat-9.0.112/webapps/host-manager]
19-Nov-2025 14:04:34.647 信息 [main] org.apache.catalina.startup.HostConfig.deployDirectory Web应用程序目录[/home/btl/桌面/BTL_HTML/apache-tomcat-9.0.112/webapps/host-manager]的部署已在[131]毫秒内完成
19-Nov-2025 14:04:34.647 信息 [main] org.apache.catalina.startup.HostConfig.deployDirectory 把web 应用程序部署到目录 [/home/btl/桌面/BTL_HTML/apache-tomcat-9.0.112/webapps/manager]
19-Nov-2025 14:04:34.659 信息 [main] org.apache.catalina.startup.HostConfig.deployDirectory Web应用程序目录[/home/btl/桌面/BTL_HTML/apache-tomcat-9.0.112/webapps/manager]的部署已在[12]毫秒内完成
19-Nov-2025 14:04:34.659 信息 [main] org.apache.catalina.startup.HostConfig.deployDirectory 把web 应用程序部署到目录 [/home/btl/桌面/BTL_HTML/apache-tomcat-9.0.112/webapps/examples]
19-Nov-2025 14:04:34.762 信息 [main] org.apache.catalina.startup.HostConfig.deployDirectory Web应用程序目录[/home/btl/桌面/BTL_HTML/apache-tomcat-9.0.112/webapps/examples]的部署已在[103]毫秒内完成
19-Nov-2025 14:04:34.762 信息 [main] org.apache.catalina.startup.HostConfig.deployDirectory 把web 应用程序部署到目录 [/home/btl/桌面/BTL_HTML/apache-tomcat-9.0.112/webapps/btl]
19-Nov-2025 14:04:34.775 信息 [main] org.apache.catalina.startup.HostConfig.deployDirectory Web应用程序目录[/home/btl/桌面/BTL_HTML/apache-tomcat-9.0.112/webapps/btl]的部署已在[13]毫秒内完成
19-Nov-2025 14:04:34.775 信息 [main] org.apache.catalina.startup.HostConfig.deployDirectory 把web 应用程序部署到目录 [/home/btl/桌面/BTL_HTML/apache-tomcat-9.0.112/webapps/ROOT]
19-Nov-2025 14:04:34.783 信息 [main] org.apache.catalina.startup.HostConfig.deployDirectory Web应用程序目录[/home/btl/桌面/BTL_HTML/apache-tomcat-9.0.112/webapps/ROOT]的部署已在[8]毫秒内完成
19-Nov-2025 14:04:34.783 信息 [main] org.apache.catalina.startup.HostConfig.deployDirectory 把web 应用程序部署到目录 [/home/btl/桌面/BTL_HTML/apache-tomcat-9.0.112/webapps/docs]
19-Nov-2025 14:04:34.792 信息 [main] org.apache.catalina.startup.HostConfig.deployDirectory Web应用程序目录[/home/btl/桌面/BTL_HTML/apache-tomcat-9.0.112/webapps/docs]的部署已在[9]毫秒内完成
19-Nov-2025 14:04:34.795 信息 [main] org.apache.coyote.AbstractProtocol.start 开始协议处理句柄["http-nio-8080"]
19-Nov-2025 14:04:34.800 信息 [main] org.apache.catalina.startup.Catalina.start [315]毫秒后服务器启动
NOTE: Picked up JDK_JAVA_OPTIONS:  --add-opens=java.base/java.lang=ALL-UNNAMED --add-opens=java.base/java.lang.invoke=ALL-UNNAMED --add-opens=java.base/java.lang.reflect=ALL-UNNAMED --add-opens=java.base/java.io=ALL-UNNAMED --add-opens=java.base/java.util=ALL-UNNAMED --add-opens=java.base/java.util.concurrent=ALL-UNNAMED --add-opens=java.rmi/sun.rmi.transport=ALL-UNNAMED
19-Nov-2025 15:01:42.966 信息 [main] org.apache.catalina.startup.VersionLoggerListener.log Server.服务器版本: Apache Tomcat/9.0.112
19-Nov-2025 15:01:42.968 信息 [main] org.apache.catalina.startup.VersionLoggerListener.log 服务器构建:        Nov 6 2025 07:46:18 UTC
19-Nov-2025 15:01:42.968 信息 [main] org.apache.catalina.startup.VersionLoggerListener.log 服务器版本号:      9.0.112.0
19-Nov-2025 15:01:42.968 信息 [main] org.apache.catalina.startup.VersionLoggerListener.log 操作系统名称:      Linux
19-Nov-2025 15:01:42.968 信息 [main] org.apache.catalina.startup.VersionLoggerListener.log OS.版本:           5.15.0-140-generic
19-Nov-2025 15:01:42.968 信息 [main] org.apache.catalina.startup.VersionLoggerListener.log 架构:              amd64
19-Nov-2025 15:01:42.968 信息 [main] org.apache.catalina.startup.VersionLoggerListener.log Java 环境变量:     /usr/lib/jvm/java-11-openjdk-amd64
19-Nov-2025 15:01:42.968 信息 [main] org.apache.catalina.startup.VersionLoggerListener.log Java虚拟机版本:    11.0.27+6-post-Ubuntu-0ubuntu120.04
19-Nov-2025 15:01:42.968 信息 [main] org.apache.catalina.startup.VersionLoggerListener.log JVM.供应商:        Ubuntu
19-Nov-2025 15:01:42.968 信息 [main] org.apache.catalina.startup.VersionLoggerListener.log CATALINA_BASE:     /home/btl/桌面/BTL_HTML/apache-tomcat-9.0.112
19-Nov-2025 15:01:42.968 信息 [main] org.apache.catalina.startup.VersionLoggerListener.log CATALINA_HOME:     /home/btl/桌面/BTL_HTML/apache-tomcat-9.0.112
19-Nov-2025 15:01:42.974 信息 [main] org.apache.catalina.startup.VersionLoggerListener.log 命令行参数：       --add-opens=java.base/java.lang=ALL-UNNAMED
19-Nov-2025 15:01:42.974 信息 [main] org.apache.catalina.startup.VersionLoggerListener.log 命令行参数：       --add-opens=java.base/java.lang.invoke=ALL-UNNAMED
19-Nov-2025 15:01:42.974 信息 [main] org.apache.catalina.startup.VersionLoggerListener.log 命令行参数：       --add-opens=java.base/java.lang.reflect=ALL-UNNAMED
19-Nov-2025 15:01:42.974 信息 [main] org.apache.catalina.startup.VersionLoggerListener.log 命令行参数：       --add-opens=java.base/java.io=ALL-UNNAMED
19-Nov-2025 15:01:42.974 信息 [main] org.apache.catalina.startup.VersionLoggerListener.log 命令行参数：       --add-opens=java.base/java.util=ALL-UNNAMED
19-Nov-2025 15:01:42.974 信息 [main] org.apache.catalina.startup.VersionLoggerListener.log 命令行参数：       --add-opens=java.base/java.util.concurrent=ALL-UNNAMED
19-Nov-2025 15:01:42.974 信息 [main] org.apache.catalina.startup.VersionLoggerListener.log 命令行参数：       --add-opens=java.rmi/sun.rmi.transport=ALL-UNNAMED
19-Nov-2025 15:01:42.975 信息 [main] org.apache.catalina.startup.VersionLoggerListener.log 命令行参数：       -Djava.util.logging.config.file=/home/btl/桌面/BTL_HTML/apache-tomcat-9.0.112/conf/logging.properties
19-Nov-2025 15:01:42.975 信息 [main] org.apache.catalina.startup.VersionLoggerListener.log 命令行参数：       -Djava.util.logging.manager=org.apache.juli.ClassLoaderLogManager
19-Nov-2025 15:01:42.975 信息 [main] org.apache.catalina.startup.VersionLoggerListener.log 命令行参数：       -Djdk.tls.ephemeralDHKeySize=2048
19-Nov-2025 15:01:42.975 信息 [main] org.apache.catalina.startup.VersionLoggerListener.log 命令行参数：       -Djava.protocol.handler.pkgs=org.apache.catalina.webresources
19-Nov-2025 15:01:42.975 信息 [main] org.apache.catalina.startup.VersionLoggerListener.log 命令行参数：       -Dsun.io.useCanonCaches=false
19-Nov-2025 15:01:42.975 信息 [main] org.apache.catalina.startup.VersionLoggerListener.log 命令行参数：       -Dorg.apache.catalina.security.SecurityListener.UMASK=0027
19-Nov-2025 15:01:42.975 信息 [main] org.apache.catalina.startup.VersionLoggerListener.log 命令行参数：       -Dignore.endorsed.dirs=
19-Nov-2025 15:01:42.975 信息 [main] org.apache.catalina.startup.VersionLoggerListener.log 命令行参数：       -Dcatalina.base=/home/btl/桌面/BTL_HTML/apache-tomcat-9.0.112
19-Nov-2025 15:01:42.975 信息 [main] org.apache.catalina.startup.VersionLoggerListener.log 命令行参数：       -Dcatalina.home=/home/btl/桌面/BTL_HTML/apache-tomcat-9.0.112
19-Nov-2025 15:01:42.975 信息 [main] org.apache.catalina.startup.VersionLoggerListener.log 命令行参数：       -Djava.io.tmpdir=/home/btl/桌面/BTL_HTML/apache-tomcat-9.0.112/temp
19-Nov-2025 15:01:42.977 信息 [main] org.apache.catalina.core.AprLifecycleListener.lifecycleEvent 在java.library.path:[/usr/local/cuda-12.1/lib64:/usr/local/cuda/lib64:/opt/ros/foxy/opt/yaml_cpp_vendor/lib:/opt/ros/foxy/opt/rviz_ogre_vendor/lib:/opt/ros/foxy/lib/x86_64-linux-gnu:/opt/ros/foxy/lib:/home/btl/.mujoco/mujoco210/bin:/usr/lib/nvidia:/usr/java/packages/lib:/usr/lib/x86_64-linux-gnu/jni:/lib/x86_64-linux-gnu:/usr/lib/x86_64-linux-gnu:/usr/lib/jni:/lib:/usr/lib]上找不到基于APR的Apache Tomcat本机库，该库允许在生产环境中获得最佳性能
19-Nov-2025 15:01:43.118 信息 [main] org.apache.coyote.AbstractProtocol.init 初始化协议处理器 ["http-nio-8080"]
19-Nov-2025 15:01:43.126 严重 [main] org.apache.catalina.util.LifecycleBase.handleSubClassException 初始化组件[Connector["http-nio-8080"]]失败。
	org.apache.catalina.LifecycleException: 协议处理程序初始化失败
		at org.apache.catalina.connector.Connector.initInternal(Connector.java:1070)
		at org.apache.catalina.util.LifecycleBase.init(LifecycleBase.java:122)
		at org.apache.catalina.core.StandardService.initInternal(StandardService.java:520)
		at org.apache.catalina.util.LifecycleBase.init(LifecycleBase.java:122)
		at org.apache.catalina.core.StandardServer.initInternal(StandardServer.java:984)
		at org.apache.catalina.util.LifecycleBase.init(LifecycleBase.java:122)
		at org.apache.catalina.startup.Catalina.load(Catalina.java:687)
		at org.apache.catalina.startup.Catalina.load(Catalina.java:710)
		at java.base/jdk.internal.reflect.NativeMethodAccessorImpl.invoke0(Native Method)
		at java.base/jdk.internal.reflect.NativeMethodAccessorImpl.invoke(NativeMethodAccessorImpl.java:62)
		at java.base/jdk.internal.reflect.DelegatingMethodAccessorImpl.invoke(DelegatingMethodAccessorImpl.java:43)
		at java.base/java.lang.reflect.Method.invoke(Method.java:566)
		at org.apache.catalina.startup.Bootstrap.load(Bootstrap.java:299)
		at org.apache.catalina.startup.Bootstrap.main(Bootstrap.java:472)
	Caused by: java.net.BindException: 地址已在使用
		at java.base/sun.nio.ch.Net.bind0(Native Method)
		at java.base/sun.nio.ch.Net.bind(Net.java:459)
		at java.base/sun.nio.ch.Net.bind(Net.java:448)
		at java.base/sun.nio.ch.ServerSocketChannelImpl.bind(ServerSocketChannelImpl.java:227)
		at org.apache.tomcat.util.net.NioEndpoint.initServerSocket(NioEndpoint.java:296)
		at org.apache.tomcat.util.net.NioEndpoint.bind(NioEndpoint.java:251)
		at org.apache.tomcat.util.net.AbstractEndpoint.bindWithCleanup(AbstractEndpoint.java:1464)
		at org.apache.tomcat.util.net.AbstractEndpoint.init(AbstractEndpoint.java:1477)
		at org.apache.coyote.AbstractProtocol.init(AbstractProtocol.java:663)
		at org.apache.coyote.http11.AbstractHttp11Protocol.init(AbstractHttp11Protocol.java:80)
		at org.apache.catalina.connector.Connector.initInternal(Connector.java:1068)
		... 13 more
19-Nov-2025 15:01:43.127 信息 [main] org.apache.catalina.startup.Catalina.load 服务器在[267]毫秒内初始化
19-Nov-2025 15:01:43.159 信息 [main] org.apache.catalina.core.StandardService.startInternal 正在启动服务[Catalina]
19-Nov-2025 15:01:43.159 信息 [main] org.apache.catalina.core.StandardEngine.startInternal 正在启动 Servlet 引擎：[Apache Tomcat/9.0.112]
19-Nov-2025 15:01:43.163 信息 [main] org.apache.catalina.startup.HostConfig.deployDirectory 把web 应用程序部署到目录 [/home/btl/桌面/BTL_HTML/apache-tomcat-9.0.112/webapps/host-manager]
19-Nov-2025 15:01:43.297 信息 [main] org.apache.catalina.startup.HostConfig.deployDirectory Web应用程序目录[/home/btl/桌面/BTL_HTML/apache-tomcat-9.0.112/webapps/host-manager]的部署已在[133]毫秒内完成
19-Nov-2025 15:01:43.297 信息 [main] org.apache.catalina.startup.HostConfig.deployDirectory 把web 应用程序部署到目录 [/home/btl/桌面/BTL_HTML/apache-tomcat-9.0.112/webapps/manager]
19-Nov-2025 15:01:43.310 信息 [main] org.apache.catalina.startup.HostConfig.deployDirectory Web应用程序目录[/home/btl/桌面/BTL_HTML/apache-tomcat-9.0.112/webapps/manager]的部署已在[13]毫秒内完成
19-Nov-2025 15:01:43.310 信息 [main] org.apache.catalina.startup.HostConfig.deployDirectory 把web 应用程序部署到目录 [/home/btl/桌面/BTL_HTML/apache-tomcat-9.0.112/webapps/examples]
19-Nov-2025 15:01:43.417 信息 [main] org.apache.catalina.startup.HostConfig.deployDirectory Web应用程序目录[/home/btl/桌面/BTL_HTML/apache-tomcat-9.0.112/webapps/examples]的部署已在[107]毫秒内完成
19-Nov-2025 15:01:43.417 信息 [main] org.apache.catalina.startup.HostConfig.deployDirectory 把web 应用程序部署到目录 [/home/btl/桌面/BTL_HTML/apache-tomcat-9.0.112/webapps/btl]
19-Nov-2025 15:01:43.434 信息 [main] org.apache.catalina.startup.HostConfig.deployDirectory Web应用程序目录[/home/btl/桌面/BTL_HTML/apache-tomcat-9.0.112/webapps/btl]的部署已在[17]毫秒内完成
19-Nov-2025 15:01:43.435 信息 [main] org.apache.catalina.startup.HostConfig.deployDirectory 把web 应用程序部署到目录 [/home/btl/桌面/BTL_HTML/apache-tomcat-9.0.112/webapps/ROOT]
19-Nov-2025 15:01:43.443 信息 [main] org.apache.catalina.startup.HostConfig.deployDirectory Web应用程序目录[/home/btl/桌面/BTL_HTML/apache-tomcat-9.0.112/webapps/ROOT]的部署已在[8]毫秒内完成
19-Nov-2025 15:01:43.443 信息 [main] org.apache.catalina.startup.HostConfig.deployDirectory 把web 应用程序部署到目录 [/home/btl/桌面/BTL_HTML/apache-tomcat-9.0.112/webapps/docs]
19-Nov-2025 15:01:43.452 信息 [main] org.apache.catalina.startup.HostConfig.deployDirectory Web应用程序目录[/home/btl/桌面/BTL_HTML/apache-tomcat-9.0.112/webapps/docs]的部署已在[9]毫秒内完成
19-Nov-2025 15:01:43.455 信息 [main] org.apache.catalina.startup.Catalina.start [328]毫秒后服务器启动
19-Nov-2025 15:01:43.456 严重 [main] org.apache.catalina.core.StandardServer.await 无法在地址[localhost]和端口[8005]上创建服务器关闭套接字（基本端口[8005]和偏移量[0]）
	java.net.BindException: 地址已在使用 (Bind failed)
		at java.base/java.net.PlainSocketImpl.socketBind(Native Method)
		at java.base/java.net.AbstractPlainSocketImpl.bind(AbstractPlainSocketImpl.java:452)
		at java.base/java.net.ServerSocket.bind(ServerSocket.java:395)
		at java.base/java.net.ServerSocket.<init>(ServerSocket.java:257)
		at org.apache.catalina.core.StandardServer.await(StandardServer.java:535)
		at org.apache.catalina.startup.Catalina.await(Catalina.java:826)
		at org.apache.catalina.startup.Catalina.start(Catalina.java:774)
		at java.base/jdk.internal.reflect.NativeMethodAccessorImpl.invoke0(Native Method)
		at java.base/jdk.internal.reflect.NativeMethodAccessorImpl.invoke(NativeMethodAccessorImpl.java:62)
		at java.base/jdk.internal.reflect.DelegatingMethodAccessorImpl.invoke(DelegatingMethodAccessorImpl.java:43)
		at java.base/java.lang.reflect.Method.invoke(Method.java:566)
		at org.apache.catalina.startup.Bootstrap.start(Bootstrap.java:342)
		at org.apache.catalina.startup.Bootstrap.main(Bootstrap.java:473)
19-Nov-2025 15:01:43.456 信息 [main] org.apache.coyote.AbstractProtocol.pause 暂停ProtocolHandler["http-nio-8080"]
19-Nov-2025 15:01:43.456 信息 [main] org.apache.catalina.core.StandardService.stopInternal 正在停止服务[Catalina]
19-Nov-2025 15:01:43.467 信息 [main] org.apache.coyote.AbstractProtocol.stop 正在停止ProtocolHandler ["http-nio-8080"]
19-Nov-2025 15:01:43.468 信息 [main] org.apache.coyote.AbstractProtocol.destroy 正在销毁协议处理器 ["http-nio-8080"]
19-Nov-2025 15:22:43.245 信息 [main] org.apache.catalina.core.StandardServer.await 通过关闭端口接收到有效的关闭命令。正在停止服务器实例。
19-Nov-2025 15:22:43.246 信息 [main] org.apache.coyote.AbstractProtocol.pause 暂停ProtocolHandler["http-nio-8080"]
19-Nov-2025 15:22:43.247 信息 [main] org.apache.catalina.core.StandardService.stopInternal 正在停止服务[Catalina]
19-Nov-2025 15:22:43.259 信息 [main] org.apache.coyote.AbstractProtocol.stop 正在停止ProtocolHandler ["http-nio-8080"]
19-Nov-2025 15:22:43.270 信息 [main] org.apache.coyote.AbstractProtocol.destroy 正在销毁协议处理器 ["http-nio-8080"]
NOTE: Picked up JDK_JAVA_OPTIONS:  --add-opens=java.base/java.lang=ALL-UNNAMED --add-opens=java.base/java.lang.invoke=ALL-UNNAMED --add-opens=java.base/java.lang.reflect=ALL-UNNAMED --add-opens=java.base/java.io=ALL-UNNAMED --add-opens=java.base/java.util=ALL-UNNAMED --add-opens=java.base/java.util.concurrent=ALL-UNNAMED --add-opens=java.rmi/sun.rmi.transport=ALL-UNNAMED
19-Nov-2025 16:51:01.588 信息 [main] org.apache.catalina.startup.VersionLoggerListener.log Server.服务器版本: Apache Tomcat/9.0.112
19-Nov-2025 16:51:01.589 信息 [main] org.apache.catalina.startup.VersionLoggerListener.log 服务器构建:        Nov 6 2025 07:46:18 UTC
19-Nov-2025 16:51:01.590 信息 [main] org.apache.catalina.startup.VersionLoggerListener.log 服务器版本号:      9.0.112.0
19-Nov-2025 16:51:01.590 信息 [main] org.apache.catalina.startup.VersionLoggerListener.log 操作系统名称:      Linux
19-Nov-2025 16:51:01.590 信息 [main] org.apache.catalina.startup.VersionLoggerListener.log OS.版本:           5.15.0-140-generic
19-Nov-2025 16:51:01.590 信息 [main] org.apache.catalina.startup.VersionLoggerListener.log 架构:              amd64
19-Nov-2025 16:51:01.590 信息 [main] org.apache.catalina.startup.VersionLoggerListener.log Java 环境变量:     /usr/lib/jvm/java-11-openjdk-amd64
19-Nov-2025 16:51:01.590 信息 [main] org.apache.catalina.startup.VersionLoggerListener.log Java虚拟机版本:    11.0.27+6-post-Ubuntu-0ubuntu120.04
19-Nov-2025 16:51:01.590 信息 [main] org.apache.catalina.startup.VersionLoggerListener.log JVM.供应商:        Ubuntu
19-Nov-2025 16:51:01.590 信息 [main] org.apache.catalina.startup.VersionLoggerListener.log CATALINA_BASE:     /home/btl/桌面/BTL_HTML/apache-tomcat-9.0.112
19-Nov-2025 16:51:01.590 信息 [main] org.apache.catalina.startup.VersionLoggerListener.log CATALINA_HOME:     /home/btl/桌面/BTL_HTML/apache-tomcat-9.0.112
19-Nov-2025 16:51:01.596 信息 [main] org.apache.catalina.startup.VersionLoggerListener.log 命令行参数：       --add-opens=java.base/java.lang=ALL-UNNAMED
19-Nov-2025 16:51:01.596 信息 [main] org.apache.catalina.startup.VersionLoggerListener.log 命令行参数：       --add-opens=java.base/java.lang.invoke=ALL-UNNAMED
19-Nov-2025 16:51:01.596 信息 [main] org.apache.catalina.startup.VersionLoggerListener.log 命令行参数：       --add-opens=java.base/java.lang.reflect=ALL-UNNAMED
19-Nov-2025 16:51:01.596 信息 [main] org.apache.catalina.startup.VersionLoggerListener.log 命令行参数：       --add-opens=java.base/java.io=ALL-UNNAMED
19-Nov-2025 16:51:01.596 信息 [main] org.apache.catalina.startup.VersionLoggerListener.log 命令行参数：       --add-opens=java.base/java.util=ALL-UNNAMED
19-Nov-2025 16:51:01.596 信息 [main] org.apache.catalina.startup.VersionLoggerListener.log 命令行参数：       --add-opens=java.base/java.util.concurrent=ALL-UNNAMED
19-Nov-2025 16:51:01.596 信息 [main] org.apache.catalina.startup.VersionLoggerListener.log 命令行参数：       --add-opens=java.rmi/sun.rmi.transport=ALL-UNNAMED
19-Nov-2025 16:51:01.596 信息 [main] org.apache.catalina.startup.VersionLoggerListener.log 命令行参数：       -Djava.util.logging.config.file=/home/btl/桌面/BTL_HTML/apache-tomcat-9.0.112/conf/logging.properties
19-Nov-2025 16:51:01.596 信息 [main] org.apache.catalina.startup.VersionLoggerListener.log 命令行参数：       -Djava.util.logging.manager=org.apache.juli.ClassLoaderLogManager
19-Nov-2025 16:51:01.596 信息 [main] org.apache.catalina.startup.VersionLoggerListener.log 命令行参数：       -Djdk.tls.ephemeralDHKeySize=2048
19-Nov-2025 16:51:01.596 信息 [main] org.apache.catalina.startup.VersionLoggerListener.log 命令行参数：       -Djava.protocol.handler.pkgs=org.apache.catalina.webresources
19-Nov-2025 16:51:01.596 信息 [main] org.apache.catalina.startup.VersionLoggerListener.log 命令行参数：       -Dsun.io.useCanonCaches=false
19-Nov-2025 16:51:01.596 信息 [main] org.apache.catalina.startup.VersionLoggerListener.log 命令行参数：       -Dorg.apache.catalina.security.SecurityListener.UMASK=0027
19-Nov-2025 16:51:01.597 信息 [main] org.apache.catalina.startup.VersionLoggerListener.log 命令行参数：       -Dignore.endorsed.dirs=
19-Nov-2025 16:51:01.597 信息 [main] org.apache.catalina.startup.VersionLoggerListener.log 命令行参数：       -Dcatalina.base=/home/btl/桌面/BTL_HTML/apache-tomcat-9.0.112
19-Nov-2025 16:51:01.597 信息 [main] org.apache.catalina.startup.VersionLoggerListener.log 命令行参数：       -Dcatalina.home=/home/btl/桌面/BTL_HTML/apache-tomcat-9.0.112
19-Nov-2025 16:51:01.597 信息 [main] org.apache.catalina.startup.VersionLoggerListener.log 命令行参数：       -Djava.io.tmpdir=/home/btl/桌面/BTL_HTML/apache-tomcat-9.0.112/temp
19-Nov-2025 16:51:01.598 信息 [main] org.apache.catalina.core.AprLifecycleListener.lifecycleEvent 在java.library.path:[/usr/local/cuda-12.1/lib64:/usr/local/cuda/lib64:/opt/ros/foxy/opt/yaml_cpp_vendor/lib:/opt/ros/foxy/opt/rviz_ogre_vendor/lib:/opt/ros/foxy/lib/x86_64-linux-gnu:/opt/ros/foxy/lib:/home/btl/.mujoco/mujoco210/bin:/usr/lib/nvidia:/usr/java/packages/lib:/usr/lib/x86_64-linux-gnu/jni:/lib/x86_64-linux-gnu:/usr/lib/x86_64-linux-gnu:/usr/lib/jni:/lib:/usr/lib]上找不到基于APR的Apache Tomcat本机库，该库允许在生产环境中获得最佳性能
19-Nov-2025 16:51:01.739 信息 [main] org.apache.coyote.AbstractProtocol.init 初始化协议处理器 ["http-nio-8080"]
19-Nov-2025 16:51:01.750 信息 [main] org.apache.catalina.startup.Catalina.load 服务器在[271]毫秒内初始化
19-Nov-2025 16:51:01.778 信息 [main] org.apache.catalina.core.StandardService.startInternal 正在启动服务[Catalina]
19-Nov-2025 16:51:01.778 信息 [main] org.apache.catalina.core.StandardEngine.startInternal 正在启动 Servlet 引擎：[Apache Tomcat/9.0.112]
19-Nov-2025 16:51:01.781 信息 [main] org.apache.catalina.startup.HostConfig.deployDirectory 把web 应用程序部署到目录 [/home/btl/桌面/BTL_HTML/apache-tomcat-9.0.112/webapps/host-manager]
19-Nov-2025 16:51:01.915 信息 [main] org.apache.catalina.startup.HostConfig.deployDirectory Web应用程序目录[/home/btl/桌面/BTL_HTML/apache-tomcat-9.0.112/webapps/host-manager]的部署已在[133]毫秒内完成
19-Nov-2025 16:51:01.916 信息 [main] org.apache.catalina.startup.HostConfig.deployDirectory 把web 应用程序部署到目录 [/home/btl/桌面/BTL_HTML/apache-tomcat-9.0.112/webapps/manager]
19-Nov-2025 16:51:01.928 信息 [main] org.apache.catalina.startup.HostConfig.deployDirectory Web应用程序目录[/home/btl/桌面/BTL_HTML/apache-tomcat-9.0.112/webapps/manager]的部署已在[12]毫秒内完成
19-Nov-2025 16:51:01.928 信息 [main] org.apache.catalina.startup.HostConfig.deployDirectory 把web 应用程序部署到目录 [/home/btl/桌面/BTL_HTML/apache-tomcat-9.0.112/webapps/examples]
19-Nov-2025 16:51:02.032 信息 [main] org.apache.catalina.startup.HostConfig.deployDirectory Web应用程序目录[/home/btl/桌面/BTL_HTML/apache-tomcat-9.0.112/webapps/examples]的部署已在[104]毫秒内完成
19-Nov-2025 16:51:02.032 信息 [main] org.apache.catalina.startup.HostConfig.deployDirectory 把web 应用程序部署到目录 [/home/btl/桌面/BTL_HTML/apache-tomcat-9.0.112/webapps/btl]
19-Nov-2025 16:51:02.049 信息 [main] org.apache.catalina.startup.HostConfig.deployDirectory Web应用程序目录[/home/btl/桌面/BTL_HTML/apache-tomcat-9.0.112/webapps/btl]的部署已在[17]毫秒内完成
19-Nov-2025 16:51:02.049 信息 [main] org.apache.catalina.startup.HostConfig.deployDirectory 把web 应用程序部署到目录 [/home/btl/桌面/BTL_HTML/apache-tomcat-9.0.112/webapps/ROOT]
19-Nov-2025 16:51:02.060 信息 [main] org.apache.catalina.startup.HostConfig.deployDirectory Web应用程序目录[/home/btl/桌面/BTL_HTML/apache-tomcat-9.0.112/webapps/ROOT]的部署已在[11]毫秒内完成
19-Nov-2025 16:51:02.060 信息 [main] org.apache.catalina.startup.HostConfig.deployDirectory 把web 应用程序部署到目录 [/home/btl/桌面/BTL_HTML/apache-tomcat-9.0.112/webapps/docs]
19-Nov-2025 16:51:02.071 信息 [main] org.apache.catalina.startup.HostConfig.deployDirectory Web应用程序目录[/home/btl/桌面/BTL_HTML/apache-tomcat-9.0.112/webapps/docs]的部署已在[11]毫秒内完成
19-Nov-2025 16:51:02.075 信息 [main] org.apache.coyote.AbstractProtocol.start 开始协议处理句柄["http-nio-8080"]
19-Nov-2025 16:51:02.079 信息 [main] org.apache.catalina.startup.Catalina.start [329]毫秒后服务器启动
20-Nov-2025 08:20:15.512 信息 [main] org.apache.catalina.core.StandardServer.await 通过关闭端口接收到有效的关闭命令。正在停止服务器实例。
20-Nov-2025 08:20:15.513 信息 [main] org.apache.coyote.AbstractProtocol.pause 暂停ProtocolHandler["http-nio-8080"]
20-Nov-2025 08:20:15.514 信息 [main] org.apache.catalina.core.StandardService.stopInternal 正在停止服务[Catalina]
20-Nov-2025 08:20:15.528 信息 [main] org.apache.coyote.AbstractProtocol.stop 正在停止ProtocolHandler ["http-nio-8080"]
20-Nov-2025 08:20:15.537 信息 [main] org.apache.coyote.AbstractProtocol.destroy 正在销毁协议处理器 ["http-nio-8080"]
NOTE: Picked up JDK_JAVA_OPTIONS:  --add-opens=java.base/java.lang=ALL-UNNAMED --add-opens=java.base/java.lang.invoke=ALL-UNNAMED --add-opens=java.base/java.lang.reflect=ALL-UNNAMED --add-opens=java.base/java.io=ALL-UNNAMED --add-opens=java.base/java.util=ALL-UNNAMED --add-opens=java.base/java.util.concurrent=ALL-UNNAMED --add-opens=java.rmi/sun.rmi.transport=ALL-UNNAMED
20-Nov-2025 15:36:25.212 信息 [main] org.apache.catalina.startup.VersionLoggerListener.log Server.服务器版本: Apache Tomcat/9.0.112
20-Nov-2025 15:36:25.214 信息 [main] org.apache.catalina.startup.VersionLoggerListener.log 服务器构建:        Nov 6 2025 07:46:18 UTC
20-Nov-2025 15:36:25.214 信息 [main] org.apache.catalina.startup.VersionLoggerListener.log 服务器版本号:      9.0.112.0
20-Nov-2025 15:36:25.215 信息 [main] org.apache.catalina.startup.VersionLoggerListener.log 操作系统名称:      Linux
20-Nov-2025 15:36:25.215 信息 [main] org.apache.catalina.startup.VersionLoggerListener.log OS.版本:           5.15.0-140-generic
20-Nov-2025 15:36:25.215 信息 [main] org.apache.catalina.startup.VersionLoggerListener.log 架构:              amd64
20-Nov-2025 15:36:25.215 信息 [main] org.apache.catalina.startup.VersionLoggerListener.log Java 环境变量:     /usr/lib/jvm/java-11-openjdk-amd64
20-Nov-2025 15:36:25.215 信息 [main] org.apache.catalina.startup.VersionLoggerListener.log Java虚拟机版本:    11.0.27+6-post-Ubuntu-0ubuntu120.04
20-Nov-2025 15:36:25.215 信息 [main] org.apache.catalina.startup.VersionLoggerListener.log JVM.供应商:        Ubuntu
20-Nov-2025 15:36:25.215 信息 [main] org.apache.catalina.startup.VersionLoggerListener.log CATALINA_BASE:     /home/btl/桌面/BTL_HTML/apache-tomcat-9.0.112
20-Nov-2025 15:36:25.215 信息 [main] org.apache.catalina.startup.VersionLoggerListener.log CATALINA_HOME:     /home/btl/桌面/BTL_HTML/apache-tomcat-9.0.112
20-Nov-2025 15:36:25.225 信息 [main] org.apache.catalina.startup.VersionLoggerListener.log 命令行参数：       --add-opens=java.base/java.lang=ALL-UNNAMED
20-Nov-2025 15:36:25.225 信息 [main] org.apache.catalina.startup.VersionLoggerListener.log 命令行参数：       --add-opens=java.base/java.lang.invoke=ALL-UNNAMED
20-Nov-2025 15:36:25.225 信息 [main] org.apache.catalina.startup.VersionLoggerListener.log 命令行参数：       --add-opens=java.base/java.lang.reflect=ALL-UNNAMED
20-Nov-2025 15:36:25.225 信息 [main] org.apache.catalina.startup.VersionLoggerListener.log 命令行参数：       --add-opens=java.base/java.io=ALL-UNNAMED
20-Nov-2025 15:36:25.225 信息 [main] org.apache.catalina.startup.VersionLoggerListener.log 命令行参数：       --add-opens=java.base/java.util=ALL-UNNAMED
20-Nov-2025 15:36:25.225 信息 [main] org.apache.catalina.startup.VersionLoggerListener.log 命令行参数：       --add-opens=java.base/java.util.concurrent=ALL-UNNAMED
20-Nov-2025 15:36:25.225 信息 [main] org.apache.catalina.startup.VersionLoggerListener.log 命令行参数：       --add-opens=java.rmi/sun.rmi.transport=ALL-UNNAMED
20-Nov-2025 15:36:25.226 信息 [main] org.apache.catalina.startup.VersionLoggerListener.log 命令行参数：       -Djava.util.logging.config.file=/home/btl/桌面/BTL_HTML/apache-tomcat-9.0.112/conf/logging.properties
20-Nov-2025 15:36:25.226 信息 [main] org.apache.catalina.startup.VersionLoggerListener.log 命令行参数：       -Djava.util.logging.manager=org.apache.juli.ClassLoaderLogManager
20-Nov-2025 15:36:25.226 信息 [main] org.apache.catalina.startup.VersionLoggerListener.log 命令行参数：       -Djdk.tls.ephemeralDHKeySize=2048
20-Nov-2025 15:36:25.226 信息 [main] org.apache.catalina.startup.VersionLoggerListener.log 命令行参数：       -Djava.protocol.handler.pkgs=org.apache.catalina.webresources
20-Nov-2025 15:36:25.226 信息 [main] org.apache.catalina.startup.VersionLoggerListener.log 命令行参数：       -Dsun.io.useCanonCaches=false
20-Nov-2025 15:36:25.226 信息 [main] org.apache.catalina.startup.VersionLoggerListener.log 命令行参数：       -Dorg.apache.catalina.security.SecurityListener.UMASK=0027
20-Nov-2025 15:36:25.226 信息 [main] org.apache.catalina.startup.VersionLoggerListener.log 命令行参数：       -Dignore.endorsed.dirs=
20-Nov-2025 15:36:25.226 信息 [main] org.apache.catalina.startup.VersionLoggerListener.log 命令行参数：       -Dcatalina.base=/home/btl/桌面/BTL_HTML/apache-tomcat-9.0.112
20-Nov-2025 15:36:25.226 信息 [main] org.apache.catalina.startup.VersionLoggerListener.log 命令行参数：       -Dcatalina.home=/home/btl/桌面/BTL_HTML/apache-tomcat-9.0.112
20-Nov-2025 15:36:25.226 信息 [main] org.apache.catalina.startup.VersionLoggerListener.log 命令行参数：       -Djava.io.tmpdir=/home/btl/桌面/BTL_HTML/apache-tomcat-9.0.112/temp
20-Nov-2025 15:36:25.228 信息 [main] org.apache.catalina.core.AprLifecycleListener.lifecycleEvent 在java.library.path:[/usr/local/cuda-12.1/lib64:/usr/local/cuda/lib64:/opt/ros/foxy/opt/yaml_cpp_vendor/lib:/opt/ros/foxy/opt/rviz_ogre_vendor/lib:/opt/ros/foxy/lib/x86_64-linux-gnu:/opt/ros/foxy/lib:/home/btl/.mujoco/mujoco210/bin:/usr/lib/nvidia:/usr/java/packages/lib:/usr/lib/x86_64-linux-gnu/jni:/lib/x86_64-linux-gnu:/usr/lib/x86_64-linux-gnu:/usr/lib/jni:/lib:/usr/lib]上找不到基于APR的Apache Tomcat本机库，该库允许在生产环境中获得最佳性能
20-Nov-2025 15:36:25.379 信息 [main] org.apache.coyote.AbstractProtocol.init 初始化协议处理器 ["http-nio-8080"]
20-Nov-2025 15:36:25.394 信息 [main] org.apache.catalina.startup.Catalina.load 服务器在[303]毫秒内初始化
20-Nov-2025 15:36:25.426 信息 [main] org.apache.catalina.core.StandardService.startInternal 正在启动服务[Catalina]
20-Nov-2025 15:36:25.426 信息 [main] org.apache.catalina.core.StandardEngine.startInternal 正在启动 Servlet 引擎：[Apache Tomcat/9.0.112]
20-Nov-2025 15:36:25.431 信息 [main] org.apache.catalina.startup.HostConfig.deployDirectory 把web 应用程序部署到目录 [/home/btl/桌面/BTL_HTML/apache-tomcat-9.0.112/webapps/host-manager]
20-Nov-2025 15:36:25.605 信息 [main] org.apache.catalina.startup.HostConfig.deployDirectory Web应用程序目录[/home/btl/桌面/BTL_HTML/apache-tomcat-9.0.112/webapps/host-manager]的部署已在[173]毫秒内完成
20-Nov-2025 15:36:25.605 信息 [main] org.apache.catalina.startup.HostConfig.deployDirectory 把web 应用程序部署到目录 [/home/btl/桌面/BTL_HTML/apache-tomcat-9.0.112/webapps/manager]
20-Nov-2025 15:36:25.619 信息 [main] org.apache.catalina.startup.HostConfig.deployDirectory Web应用程序目录[/home/btl/桌面/BTL_HTML/apache-tomcat-9.0.112/webapps/manager]的部署已在[14]毫秒内完成
20-Nov-2025 15:36:25.620 信息 [main] org.apache.catalina.startup.HostConfig.deployDirectory 把web 应用程序部署到目录 [/home/btl/桌面/BTL_HTML/apache-tomcat-9.0.112/webapps/examples]
20-Nov-2025 15:36:25.741 信息 [main] org.apache.catalina.startup.HostConfig.deployDirectory Web应用程序目录[/home/btl/桌面/BTL_HTML/apache-tomcat-9.0.112/webapps/examples]的部署已在[121]毫秒内完成
20-Nov-2025 15:36:25.742 信息 [main] org.apache.catalina.startup.HostConfig.deployDirectory 把web 应用程序部署到目录 [/home/btl/桌面/BTL_HTML/apache-tomcat-9.0.112/webapps/btl]
20-Nov-2025 15:36:25.757 信息 [main] org.apache.catalina.startup.HostConfig.deployDirectory Web应用程序目录[/home/btl/桌面/BTL_HTML/apache-tomcat-9.0.112/webapps/btl]的部署已在[15]毫秒内完成
20-Nov-2025 15:36:25.757 信息 [main] org.apache.catalina.startup.HostConfig.deployDirectory 把web 应用程序部署到目录 [/home/btl/桌面/BTL_HTML/apache-tomcat-9.0.112/webapps/ROOT]
20-Nov-2025 15:36:25.766 信息 [main] org.apache.catalina.startup.HostConfig.deployDirectory Web应用程序目录[/home/btl/桌面/BTL_HTML/apache-tomcat-9.0.112/webapps/ROOT]的部署已在[9]毫秒内完成
20-Nov-2025 15:36:25.766 信息 [main] org.apache.catalina.startup.HostConfig.deployDirectory 把web 应用程序部署到目录 [/home/btl/桌面/BTL_HTML/apache-tomcat-9.0.112/webapps/docs]
20-Nov-2025 15:36:25.777 信息 [main] org.apache.catalina.startup.HostConfig.deployDirectory Web应用程序目录[/home/btl/桌面/BTL_HTML/apache-tomcat-9.0.112/webapps/docs]的部署已在[11]毫秒内完成
20-Nov-2025 15:36:25.781 信息 [main] org.apache.coyote.AbstractProtocol.start 开始协议处理句柄["http-nio-8080"]
20-Nov-2025 15:36:25.786 信息 [main] org.apache.catalina.startup.Catalina.start [391]毫秒后服务器启动
20-Nov-2025 15:52:45.998 信息 [Catalina-utility-1] org.apache.catalina.startup.HostConfig.deployDirectory 把web 应用程序部署到目录 [/home/btl/桌面/BTL_HTML/apache-tomcat-9.0.112/webapps/images]
20-Nov-2025 15:52:46.027 信息 [Catalina-utility-1] org.apache.catalina.startup.HostConfig.deployDirectory Web应用程序目录[/home/btl/桌面/BTL_HTML/apache-tomcat-9.0.112/webapps/images]的部署已在[29]毫秒内完成
20-Nov-2025 15:55:16.548 信息 [Catalina-utility-2] org.apache.catalina.startup.HostConfig.undeploy 正在取消部署上下文[/images]
20-Nov-2025 16:24:06.801 信息 [main] org.apache.catalina.core.StandardServer.await 通过关闭端口接收到有效的关闭命令。正在停止服务器实例。
20-Nov-2025 16:24:06.801 信息 [main] org.apache.coyote.AbstractProtocol.pause 暂停ProtocolHandler["http-nio-8080"]
20-Nov-2025 16:24:06.803 信息 [main] org.apache.catalina.core.StandardService.stopInternal 正在停止服务[Catalina]
20-Nov-2025 16:24:06.810 信息 [main] org.apache.coyote.AbstractProtocol.stop 正在停止ProtocolHandler ["http-nio-8080"]
20-Nov-2025 16:24:06.813 信息 [main] org.apache.coyote.AbstractProtocol.destroy 正在销毁协议处理器 ["http-nio-8080"]
NOTE: Picked up JDK_JAVA_OPTIONS:  --add-opens=java.base/java.lang=ALL-UNNAMED --add-opens=java.base/java.lang.invoke=ALL-UNNAMED --add-opens=java.base/java.lang.reflect=ALL-UNNAMED --add-opens=java.base/java.io=ALL-UNNAMED --add-opens=java.base/java.util=ALL-UNNAMED --add-opens=java.base/java.util.concurrent=ALL-UNNAMED --add-opens=java.rmi/sun.rmi.transport=ALL-UNNAMED
20-Nov-2025 17:11:00.132 信息 [main] org.apache.catalina.startup.VersionLoggerListener.log Server.服务器版本: Apache Tomcat/9.0.112
20-Nov-2025 17:11:00.134 信息 [main] org.apache.catalina.startup.VersionLoggerListener.log 服务器构建:        Nov 6 2025 07:46:18 UTC
20-Nov-2025 17:11:00.134 信息 [main] org.apache.catalina.startup.VersionLoggerListener.log 服务器版本号:      9.0.112.0
20-Nov-2025 17:11:00.134 信息 [main] org.apache.catalina.startup.VersionLoggerListener.log 操作系统名称:      Linux
20-Nov-2025 17:11:00.134 信息 [main] org.apache.catalina.startup.VersionLoggerListener.log OS.版本:           5.15.0-140-generic
20-Nov-2025 17:11:00.134 信息 [main] org.apache.catalina.startup.VersionLoggerListener.log 架构:              amd64
20-Nov-2025 17:11:00.134 信息 [main] org.apache.catalina.startup.VersionLoggerListener.log Java 环境变量:     /usr/lib/jvm/java-11-openjdk-amd64
20-Nov-2025 17:11:00.135 信息 [main] org.apache.catalina.startup.VersionLoggerListener.log Java虚拟机版本:    11.0.27+6-post-Ubuntu-0ubuntu120.04
20-Nov-2025 17:11:00.135 信息 [main] org.apache.catalina.startup.VersionLoggerListener.log JVM.供应商:        Ubuntu
20-Nov-2025 17:11:00.135 信息 [main] org.apache.catalina.startup.VersionLoggerListener.log CATALINA_BASE:     /home/btl/桌面/BTL_HTML/apache-tomcat-9.0.112
20-Nov-2025 17:11:00.135 信息 [main] org.apache.catalina.startup.VersionLoggerListener.log CATALINA_HOME:     /home/btl/桌面/BTL_HTML/apache-tomcat-9.0.112
20-Nov-2025 17:11:00.140 信息 [main] org.apache.catalina.startup.VersionLoggerListener.log 命令行参数：       --add-opens=java.base/java.lang=ALL-UNNAMED
20-Nov-2025 17:11:00.140 信息 [main] org.apache.catalina.startup.VersionLoggerListener.log 命令行参数：       --add-opens=java.base/java.lang.invoke=ALL-UNNAMED
20-Nov-2025 17:11:00.140 信息 [main] org.apache.catalina.startup.VersionLoggerListener.log 命令行参数：       --add-opens=java.base/java.lang.reflect=ALL-UNNAMED
20-Nov-2025 17:11:00.140 信息 [main] org.apache.catalina.startup.VersionLoggerListener.log 命令行参数：       --add-opens=java.base/java.io=ALL-UNNAMED
20-Nov-2025 17:11:00.140 信息 [main] org.apache.catalina.startup.VersionLoggerListener.log 命令行参数：       --add-opens=java.base/java.util=ALL-UNNAMED
20-Nov-2025 17:11:00.140 信息 [main] org.apache.catalina.startup.VersionLoggerListener.log 命令行参数：       --add-opens=java.base/java.util.concurrent=ALL-UNNAMED
20-Nov-2025 17:11:00.140 信息 [main] org.apache.catalina.startup.VersionLoggerListener.log 命令行参数：       --add-opens=java.rmi/sun.rmi.transport=ALL-UNNAMED
20-Nov-2025 17:11:00.141 信息 [main] org.apache.catalina.startup.VersionLoggerListener.log 命令行参数：       -Djava.util.logging.config.file=/home/btl/桌面/BTL_HTML/apache-tomcat-9.0.112/conf/logging.properties
20-Nov-2025 17:11:00.141 信息 [main] org.apache.catalina.startup.VersionLoggerListener.log 命令行参数：       -Djava.util.logging.manager=org.apache.juli.ClassLoaderLogManager
20-Nov-2025 17:11:00.141 信息 [main] org.apache.catalina.startup.VersionLoggerListener.log 命令行参数：       -Djdk.tls.ephemeralDHKeySize=2048
20-Nov-2025 17:11:00.141 信息 [main] org.apache.catalina.startup.VersionLoggerListener.log 命令行参数：       -Djava.protocol.handler.pkgs=org.apache.catalina.webresources
20-Nov-2025 17:11:00.141 信息 [main] org.apache.catalina.startup.VersionLoggerListener.log 命令行参数：       -Dsun.io.useCanonCaches=false
20-Nov-2025 17:11:00.141 信息 [main] org.apache.catalina.startup.VersionLoggerListener.log 命令行参数：       -Dorg.apache.catalina.security.SecurityListener.UMASK=0027
20-Nov-2025 17:11:00.141 信息 [main] org.apache.catalina.startup.VersionLoggerListener.log 命令行参数：       -Dignore.endorsed.dirs=
20-Nov-2025 17:11:00.141 信息 [main] org.apache.catalina.startup.VersionLoggerListener.log 命令行参数：       -Dcatalina.base=/home/btl/桌面/BTL_HTML/apache-tomcat-9.0.112
20-Nov-2025 17:11:00.141 信息 [main] org.apache.catalina.startup.VersionLoggerListener.log 命令行参数：       -Dcatalina.home=/home/btl/桌面/BTL_HTML/apache-tomcat-9.0.112
20-Nov-2025 17:11:00.141 信息 [main] org.apache.catalina.startup.VersionLoggerListener.log 命令行参数：       -Djava.io.tmpdir=/home/btl/桌面/BTL_HTML/apache-tomcat-9.0.112/temp
20-Nov-2025 17:11:00.143 信息 [main] org.apache.catalina.core.AprLifecycleListener.lifecycleEvent 在java.library.path:[/usr/local/cuda-12.1/lib64:/usr/local/cuda/lib64:/opt/ros/foxy/opt/yaml_cpp_vendor/lib:/opt/ros/foxy/opt/rviz_ogre_vendor/lib:/opt/ros/foxy/lib/x86_64-linux-gnu:/opt/ros/foxy/lib:/home/btl/.mujoco/mujoco210/bin:/usr/lib/nvidia:/usr/java/packages/lib:/usr/lib/x86_64-linux-gnu/jni:/lib/x86_64-linux-gnu:/usr/lib/x86_64-linux-gnu:/usr/lib/jni:/lib:/usr/lib]上找不到基于APR的Apache Tomcat本机库，该库允许在生产环境中获得最佳性能
20-Nov-2025 17:11:00.277 信息 [main] org.apache.coyote.AbstractProtocol.init 初始化协议处理器 ["http-nio-8080"]
20-Nov-2025 17:11:00.287 信息 [main] org.apache.catalina.startup.Catalina.load 服务器在[274]毫秒内初始化
20-Nov-2025 17:11:00.313 信息 [main] org.apache.catalina.core.StandardService.startInternal 正在启动服务[Catalina]
20-Nov-2025 17:11:00.313 信息 [main] org.apache.catalina.core.StandardEngine.startInternal 正在启动 Servlet 引擎：[Apache Tomcat/9.0.112]
20-Nov-2025 17:11:00.316 信息 [main] org.apache.catalina.startup.HostConfig.deployDirectory 把web 应用程序部署到目录 [/home/btl/桌面/BTL_HTML/apache-tomcat-9.0.112/webapps/host-manager]
20-Nov-2025 17:11:00.450 信息 [main] org.apache.catalina.startup.HostConfig.deployDirectory Web应用程序目录[/home/btl/桌面/BTL_HTML/apache-tomcat-9.0.112/webapps/host-manager]的部署已在[133]毫秒内完成
20-Nov-2025 17:11:00.450 信息 [main] org.apache.catalina.startup.HostConfig.deployDirectory 把web 应用程序部署到目录 [/home/btl/桌面/BTL_HTML/apache-tomcat-9.0.112/webapps/manager]
20-Nov-2025 17:11:00.462 信息 [main] org.apache.catalina.startup.HostConfig.deployDirectory Web应用程序目录[/home/btl/桌面/BTL_HTML/apache-tomcat-9.0.112/webapps/manager]的部署已在[12]毫秒内完成
20-Nov-2025 17:11:00.463 信息 [main] org.apache.catalina.startup.HostConfig.deployDirectory 把web 应用程序部署到目录 [/home/btl/桌面/BTL_HTML/apache-tomcat-9.0.112/webapps/examples]
20-Nov-2025 17:11:00.558 信息 [main] org.apache.catalina.startup.HostConfig.deployDirectory Web应用程序目录[/home/btl/桌面/BTL_HTML/apache-tomcat-9.0.112/webapps/examples]的部署已在[95]毫秒内完成
20-Nov-2025 17:11:00.559 信息 [main] org.apache.catalina.startup.HostConfig.deployDirectory 把web 应用程序部署到目录 [/home/btl/桌面/BTL_HTML/apache-tomcat-9.0.112/webapps/btl]
20-Nov-2025 17:11:00.572 信息 [main] org.apache.catalina.startup.HostConfig.deployDirectory Web应用程序目录[/home/btl/桌面/BTL_HTML/apache-tomcat-9.0.112/webapps/btl]的部署已在[13]毫秒内完成
20-Nov-2025 17:11:00.572 信息 [main] org.apache.catalina.startup.HostConfig.deployDirectory 把web 应用程序部署到目录 [/home/btl/桌面/BTL_HTML/apache-tomcat-9.0.112/webapps/ROOT]
20-Nov-2025 17:11:00.581 信息 [main] org.apache.catalina.startup.HostConfig.deployDirectory Web应用程序目录[/home/btl/桌面/BTL_HTML/apache-tomcat-9.0.112/webapps/ROOT]的部署已在[9]毫秒内完成
20-Nov-2025 17:11:00.581 信息 [main] org.apache.catalina.startup.HostConfig.deployDirectory 把web 应用程序部署到目录 [/home/btl/桌面/BTL_HTML/apache-tomcat-9.0.112/webapps/docs]
20-Nov-2025 17:11:00.593 信息 [main] org.apache.catalina.startup.HostConfig.deployDirectory Web应用程序目录[/home/btl/桌面/BTL_HTML/apache-tomcat-9.0.112/webapps/docs]的部署已在[11]毫秒内完成
20-Nov-2025 17:11:00.596 信息 [main] org.apache.coyote.AbstractProtocol.start 开始协议处理句柄["http-nio-8080"]
20-Nov-2025 17:11:00.601 信息 [main] org.apache.catalina.startup.Catalina.start [313]毫秒后服务器启动
20-Nov-2025 17:55:51.096 信息 [main] org.apache.catalina.core.StandardServer.await 通过关闭端口接收到有效的关闭命令。正在停止服务器实例。
20-Nov-2025 17:55:51.097 信息 [main] org.apache.coyote.AbstractProtocol.pause 暂停ProtocolHandler["http-nio-8080"]
20-Nov-2025 17:55:51.098 信息 [main] org.apache.catalina.core.StandardService.stopInternal 正在停止服务[Catalina]
20-Nov-2025 17:55:51.112 信息 [main] org.apache.coyote.AbstractProtocol.stop 正在停止ProtocolHandler ["http-nio-8080"]
20-Nov-2025 17:55:51.121 信息 [main] org.apache.coyote.AbstractProtocol.destroy 正在销毁协议处理器 ["http-nio-8080"]
