25-Nov-2025 08:53:50.277 信息 [main] org.apache.catalina.core.StandardServer.await 通过关闭端口接收到有效的关闭命令。正在停止服务器实例。
25-Nov-2025 08:53:50.278 信息 [main] org.apache.coyote.AbstractProtocol.pause 暂停ProtocolHandler["http-nio-8080"]
25-Nov-2025 08:53:50.279 信息 [main] org.apache.catalina.core.StandardService.stopInternal 正在停止服务[Catalina]
25-Nov-2025 08:53:50.294 信息 [main] org.apache.coyote.AbstractProtocol.stop 正在停止ProtocolHandler ["http-nio-8080"]
25-Nov-2025 08:53:50.302 信息 [main] org.apache.coyote.AbstractProtocol.destroy 正在销毁协议处理器 ["http-nio-8080"]
25-Nov-2025 16:22:47.644 信息 [main] org.apache.catalina.startup.VersionLoggerListener.log Server.服务器版本: Apache Tomcat/9.0.112
25-Nov-2025 16:22:47.646 信息 [main] org.apache.catalina.startup.VersionLoggerListener.log 服务器构建:        Nov 6 2025 07:46:18 UTC
25-Nov-2025 16:22:47.646 信息 [main] org.apache.catalina.startup.VersionLoggerListener.log 服务器版本号:      9.0.112.0
25-Nov-2025 16:22:47.646 信息 [main] org.apache.catalina.startup.VersionLoggerListener.log 操作系统名称:      Linux
25-Nov-2025 16:22:47.646 信息 [main] org.apache.catalina.startup.VersionLoggerListener.log OS.版本:           5.15.0-140-generic
25-Nov-2025 16:22:47.646 信息 [main] org.apache.catalina.startup.VersionLoggerListener.log 架构:              amd64
25-Nov-2025 16:22:47.647 信息 [main] org.apache.catalina.startup.VersionLoggerListener.log Java 环境变量:     /usr/lib/jvm/java-11-openjdk-amd64
25-Nov-2025 16:22:47.647 信息 [main] org.apache.catalina.startup.VersionLoggerListener.log Java虚拟机版本:    11.0.27+6-post-Ubuntu-0ubuntu120.04
25-Nov-2025 16:22:47.647 信息 [main] org.apache.catalina.startup.VersionLoggerListener.log JVM.供应商:        Ubuntu
25-Nov-2025 16:22:47.647 信息 [main] org.apache.catalina.startup.VersionLoggerListener.log CATALINA_BASE:     /home/btl/桌面/BTL_HTML/apache-tomcat-9.0.112
25-Nov-2025 16:22:47.647 信息 [main] org.apache.catalina.startup.VersionLoggerListener.log CATALINA_HOME:     /home/btl/桌面/BTL_HTML/apache-tomcat-9.0.112
25-Nov-2025 16:22:47.654 信息 [main] org.apache.catalina.startup.VersionLoggerListener.log 命令行参数：       --add-opens=java.base/java.lang=ALL-UNNAMED
25-Nov-2025 16:22:47.654 信息 [main] org.apache.catalina.startup.VersionLoggerListener.log 命令行参数：       --add-opens=java.base/java.lang.invoke=ALL-UNNAMED
25-Nov-2025 16:22:47.654 信息 [main] org.apache.catalina.startup.VersionLoggerListener.log 命令行参数：       --add-opens=java.base/java.lang.reflect=ALL-UNNAMED
25-Nov-2025 16:22:47.654 信息 [main] org.apache.catalina.startup.VersionLoggerListener.log 命令行参数：       --add-opens=java.base/java.io=ALL-UNNAMED
25-Nov-2025 16:22:47.654 信息 [main] org.apache.catalina.startup.VersionLoggerListener.log 命令行参数：       --add-opens=java.base/java.util=ALL-UNNAMED
25-Nov-2025 16:22:47.654 信息 [main] org.apache.catalina.startup.VersionLoggerListener.log 命令行参数：       --add-opens=java.base/java.util.concurrent=ALL-UNNAMED
25-Nov-2025 16:22:47.654 信息 [main] org.apache.catalina.startup.VersionLoggerListener.log 命令行参数：       --add-opens=java.rmi/sun.rmi.transport=ALL-UNNAMED
25-Nov-2025 16:22:47.654 信息 [main] org.apache.catalina.startup.VersionLoggerListener.log 命令行参数：       -Djava.util.logging.config.file=/home/btl/桌面/BTL_HTML/apache-tomcat-9.0.112/conf/logging.properties
25-Nov-2025 16:22:47.654 信息 [main] org.apache.catalina.startup.VersionLoggerListener.log 命令行参数：       -Djava.util.logging.manager=org.apache.juli.ClassLoaderLogManager
25-Nov-2025 16:22:47.654 信息 [main] org.apache.catalina.startup.VersionLoggerListener.log 命令行参数：       -Djdk.tls.ephemeralDHKeySize=2048
25-Nov-2025 16:22:47.655 信息 [main] org.apache.catalina.startup.VersionLoggerListener.log 命令行参数：       -Djava.protocol.handler.pkgs=org.apache.catalina.webresources
25-Nov-2025 16:22:47.655 信息 [main] org.apache.catalina.startup.VersionLoggerListener.log 命令行参数：       -Dsun.io.useCanonCaches=false
25-Nov-2025 16:22:47.655 信息 [main] org.apache.catalina.startup.VersionLoggerListener.log 命令行参数：       -Dorg.apache.catalina.security.SecurityListener.UMASK=0027
25-Nov-2025 16:22:47.655 信息 [main] org.apache.catalina.startup.VersionLoggerListener.log 命令行参数：       -Dignore.endorsed.dirs=
25-Nov-2025 16:22:47.655 信息 [main] org.apache.catalina.startup.VersionLoggerListener.log 命令行参数：       -Dcatalina.base=/home/btl/桌面/BTL_HTML/apache-tomcat-9.0.112
25-Nov-2025 16:22:47.655 信息 [main] org.apache.catalina.startup.VersionLoggerListener.log 命令行参数：       -Dcatalina.home=/home/btl/桌面/BTL_HTML/apache-tomcat-9.0.112
25-Nov-2025 16:22:47.655 信息 [main] org.apache.catalina.startup.VersionLoggerListener.log 命令行参数：       -Djava.io.tmpdir=/home/btl/桌面/BTL_HTML/apache-tomcat-9.0.112/temp
25-Nov-2025 16:22:47.656 信息 [main] org.apache.catalina.core.AprLifecycleListener.lifecycleEvent 在java.library.path:[/usr/local/cuda-12.1/lib64:/usr/local/cuda/lib64:/opt/ros/foxy/opt/yaml_cpp_vendor/lib:/opt/ros/foxy/opt/rviz_ogre_vendor/lib:/opt/ros/foxy/lib/x86_64-linux-gnu:/opt/ros/foxy/lib:/home/btl/.mujoco/mujoco210/bin:/usr/lib/nvidia:/usr/java/packages/lib:/usr/lib/x86_64-linux-gnu/jni:/lib/x86_64-linux-gnu:/usr/lib/x86_64-linux-gnu:/usr/lib/jni:/lib:/usr/lib]上找不到基于APR的Apache Tomcat本机库，该库允许在生产环境中获得最佳性能
25-Nov-2025 16:22:47.798 信息 [main] org.apache.coyote.AbstractProtocol.init 初始化协议处理器 ["http-nio-8080"]
25-Nov-2025 16:22:47.809 信息 [main] org.apache.catalina.startup.Catalina.load 服务器在[275]毫秒内初始化
25-Nov-2025 16:22:47.838 信息 [main] org.apache.catalina.core.StandardService.startInternal 正在启动服务[Catalina]
25-Nov-2025 16:22:47.839 信息 [main] org.apache.catalina.core.StandardEngine.startInternal 正在启动 Servlet 引擎：[Apache Tomcat/9.0.112]
25-Nov-2025 16:22:47.842 信息 [main] org.apache.catalina.startup.HostConfig.deployDirectory 把web 应用程序部署到目录 [/home/btl/桌面/BTL_HTML/apache-tomcat-9.0.112/webapps/host-manager]
25-Nov-2025 16:22:47.988 信息 [main] org.apache.catalina.startup.HostConfig.deployDirectory Web应用程序目录[/home/btl/桌面/BTL_HTML/apache-tomcat-9.0.112/webapps/host-manager]的部署已在[145]毫秒内完成
25-Nov-2025 16:22:47.988 信息 [main] org.apache.catalina.startup.HostConfig.deployDirectory 把web 应用程序部署到目录 [/home/btl/桌面/BTL_HTML/apache-tomcat-9.0.112/webapps/manager]
25-Nov-2025 16:22:48.002 信息 [main] org.apache.catalina.startup.HostConfig.deployDirectory Web应用程序目录[/home/btl/桌面/BTL_HTML/apache-tomcat-9.0.112/webapps/manager]的部署已在[13]毫秒内完成
25-Nov-2025 16:22:48.002 信息 [main] org.apache.catalina.startup.HostConfig.deployDirectory 把web 应用程序部署到目录 [/home/btl/桌面/BTL_HTML/apache-tomcat-9.0.112/webapps/TWork]
25-Nov-2025 16:22:48.018 信息 [main] org.apache.catalina.startup.HostConfig.deployDirectory Web应用程序目录[/home/btl/桌面/BTL_HTML/apache-tomcat-9.0.112/webapps/TWork]的部署已在[16]毫秒内完成
25-Nov-2025 16:22:48.018 信息 [main] org.apache.catalina.startup.HostConfig.deployDirectory 把web 应用程序部署到目录 [/home/btl/桌面/BTL_HTML/apache-tomcat-9.0.112/webapps/examples]
25-Nov-2025 16:22:48.118 信息 [main] org.apache.catalina.startup.HostConfig.deployDirectory Web应用程序目录[/home/btl/桌面/BTL_HTML/apache-tomcat-9.0.112/webapps/examples]的部署已在[100]毫秒内完成
25-Nov-2025 16:22:48.118 信息 [main] org.apache.catalina.startup.HostConfig.deployDirectory 把web 应用程序部署到目录 [/home/btl/桌面/BTL_HTML/apache-tomcat-9.0.112/webapps/btl]
25-Nov-2025 16:22:48.127 信息 [main] org.apache.catalina.startup.HostConfig.deployDirectory Web应用程序目录[/home/btl/桌面/BTL_HTML/apache-tomcat-9.0.112/webapps/btl]的部署已在[8]毫秒内完成
25-Nov-2025 16:22:48.127 信息 [main] org.apache.catalina.startup.HostConfig.deployDirectory 把web 应用程序部署到目录 [/home/btl/桌面/BTL_HTML/apache-tomcat-9.0.112/webapps/ROOT]
25-Nov-2025 16:22:48.136 信息 [main] org.apache.catalina.startup.HostConfig.deployDirectory Web应用程序目录[/home/btl/桌面/BTL_HTML/apache-tomcat-9.0.112/webapps/ROOT]的部署已在[9]毫秒内完成
25-Nov-2025 16:22:48.136 信息 [main] org.apache.catalina.startup.HostConfig.deployDirectory 把web 应用程序部署到目录 [/home/btl/桌面/BTL_HTML/apache-tomcat-9.0.112/webapps/docs]
25-Nov-2025 16:22:48.146 信息 [main] org.apache.catalina.startup.HostConfig.deployDirectory Web应用程序目录[/home/btl/桌面/BTL_HTML/apache-tomcat-9.0.112/webapps/docs]的部署已在[9]毫秒内完成
25-Nov-2025 16:22:48.149 信息 [main] org.apache.coyote.AbstractProtocol.start 开始协议处理句柄["http-nio-8080"]
25-Nov-2025 16:22:48.158 信息 [main] org.apache.catalina.startup.Catalina.start [349]毫秒后服务器启动
25-Nov-2025 16:23:45.289 信息 [main] org.apache.catalina.core.StandardServer.await 通过关闭端口接收到有效的关闭命令。正在停止服务器实例。
25-Nov-2025 16:23:45.290 信息 [main] org.apache.coyote.AbstractProtocol.pause 暂停ProtocolHandler["http-nio-8080"]
25-Nov-2025 16:23:45.291 信息 [main] org.apache.catalina.core.StandardService.stopInternal 正在停止服务[Catalina]
25-Nov-2025 16:23:45.304 信息 [main] org.apache.coyote.AbstractProtocol.stop 正在停止ProtocolHandler ["http-nio-8080"]
25-Nov-2025 16:23:45.314 信息 [main] org.apache.coyote.AbstractProtocol.destroy 正在销毁协议处理器 ["http-nio-8080"]
